0 info it worked if it ends with ok
1 verbose cli [ '/usr/bin/node',
1 verbose cli   '/usr/share/npm/bin/npm-cli.js',
1 verbose cli   'run',
1 verbose cli   'start:dev' ]
2 info using npm@3.5.2
3 info using node@v8.10.0
4 verbose run-script [ 'prestart:dev', 'start:dev', 'poststart:dev' ]
5 info lifecycle ps-redux@~prestart:dev: ps-redux@
6 silly lifecycle ps-redux@~prestart:dev: no script for prestart:dev, continuing
7 info lifecycle ps-redux@~start:dev: ps-redux@
8 verbose lifecycle ps-redux@~start:dev: unsafe-perm in lifecycle true
9 verbose lifecycle ps-redux@~start:dev: PATH: /usr/share/npm/bin/node-gyp-bin:/home/riya/redux/node_modules/.bin:/usr/share/npm/bin/node-gyp-bin:/home/riya/redux/node_modules/.bin:/home/riya/.npm-global/bin:/home/riya/anaconda3/bin:/home/riya/.local/bin:/home/riya/.local/bin:/usr/local/sbin:/usr/local/bin:/usr/sbin:/usr/bin:/sbin:/bin:/usr/games:/usr/local/games:/snap/bin:/home/riya/bin:/home/riya/Downloads/jdk1.8.0_212/bin:/home/riya/bin:/home/riya/Downloads/jdk1.8.0_212/bin:/home/riya/Android/Sdk/emulator:/home/riya/Android/Sdk/tools:/home/riya/Android/Sdk/tools/bin:/home/riya/Android/Sdk/platform-tools
10 verbose lifecycle ps-redux@~start:dev: CWD: /home/riya/redux
11 silly lifecycle ps-redux@~start:dev: Args: [ '-c',
11 silly lifecycle   'webpack-dev-server --config webpack.config.dev.js --port 3000' ]
12 silly lifecycle ps-redux@~start:dev: Returned: code: 137  signal: null
13 info lifecycle ps-redux@~start:dev: Failed to exec start:dev script
14 verbose stack Error: ps-redux@ start:dev: `webpack-dev-server --config webpack.config.dev.js --port 3000`
14 verbose stack Exit status 137
14 verbose stack     at EventEmitter.<anonymous> (/usr/share/npm/lib/utils/lifecycle.js:232:16)
14 verbose stack     at emitTwo (events.js:126:13)
14 verbose stack     at EventEmitter.emit (events.js:214:7)
14 verbose stack     at ChildProcess.<anonymous> (/usr/share/npm/lib/utils/spawn.js:24:14)
14 verbose stack     at emitTwo (events.js:126:13)
14 verbose stack     at ChildProcess.emit (events.js:214:7)
14 verbose stack     at maybeClose (internal/child_process.js:925:16)
14 verbose stack     at Process.ChildProcess._handle.onexit (internal/child_process.js:209:5)
15 verbose pkgid ps-redux@
16 verbose cwd /home/riya/redux
17 error Linux 5.3.0-46-generic
18 error argv "/usr/bin/node" "/usr/share/npm/bin/npm-cli.js" "run" "start:dev"
19 error node v8.10.0
20 error npm  v3.5.2
21 error code ELIFECYCLE
22 error ps-redux@ start:dev: `webpack-dev-server --config webpack.config.dev.js --port 3000`
22 error Exit status 137
23 error Failed at the ps-redux@ start:dev script 'webpack-dev-server --config webpack.config.dev.js --port 3000'.
23 error Make sure you have the latest version of node.js and npm installed.
23 error If you do, this is most likely a problem with the ps-redux package,
23 error not with npm itself.
23 error Tell the author that this fails on your system:
23 error     webpack-dev-server --config webpack.config.dev.js --port 3000
23 error You can get information on how to open an issue for this project with:
23 error     npm bugs ps-redux
23 error Or if that isn't available, you can get their info via:
23 error     npm owner ls ps-redux
23 error There is likely additional logging output above.
24 verbose exit [ 1, true ]
